
  “ Well begun is half done. ”
  — Aristotle


  “ Waste no more time arguing what a good man should be, be one. ”
  — Marcus Aurelius


  “ People find pleasure in different ways. I find it in keeping my mind clear. ”
  — Marcus Aurelius


  “ It is not the man who has too little, but the man who craves more, that is poor. ”
  — Seneca


  “ The biggest battle is the war against ignorance. ”
  — Mustafa Kemal Atatürk


  “ It is not the man who has too little, but the man who craves more, that is poor. ”
  — Seneca


  “ An unexamined life is not worth living. ”
  — Socrates


  “ The best way to take care of the future is to take care of the present moment. ”
  — Thich Nhat Hanh


  “ Act only according to that maxim whereby you can, at the same time, will that it should become a universal law. ”
  — Immanuel Kant


  “ He who is contented is rich. ”
  — Laozi


  “ Simplicity is the consequence of refined emotions. ”
  — Jean D'Alembert


  “ Walk as if you are kissing the Earth with your feet. ”
  — Thich Nhat Hanh


  “ Life is available only in the present moment. ”
  — Thich Nhat Hanh


  “ Very little is needed to make a happy life. ”
  — Marcus Aurelius


  “ The only way to do great work is to love what you do. ”
  — Steve Jobs


  “ He who is contented is rich. ”
  — Laozi


  “ I begin to speak only when I am certain what I will say is not better left unsaid. ”
  — Cato the Younger


  “ People find pleasure in different ways. I find it in keeping my mind clear. ”
  — Marcus Aurelius

